4 4 183 183
9 12 421 604
13 22 535 1139
29 23 321 1460
51 55 639 2099
74 56 813 2912
77 72 959 3871
98 75 163 4034
104 91 684 4718
124 98 366 5084
127 115 417 5501
136 116 766 6267
153 120 862 7129
157 137 335 7464
180 148 69 7533
181 158 201 7734
214 172 891 8625
222 173 144 8769
231 194 936 9705
239 223 747 10452
257 232 74 10526
267 234 407 10933
279 257 645 11578
282 267 819 12397
285 270 479 12876
291 300 418 13294
302 303 680 13974
306 343 876 14850
316 366 779 15629
324 383 467 16096
349 389 7 16103
353 396 40 16143
365 404 236 16379
395 417 738 17117
396 420 917 18034
401 432 812 18846
406 463 546 19392
427 471 961 20353
446 475 110 20463
461 504 253 20716
473 520 804 21520
477 529 573 22093
479 537 854 22947
498 541 118 23065
525 546 65 23130
526 556 317 23447
527 578 449 23896
535 596 732 24628
549 616 422 25050
579 617 402 25452
613 628 181 25633
618 634 9 25642
649 653 125 25767
664 680 365 26132
681 708 42 26174
689 722 914 27088
698 736 466 27554
725 739 614 28168
730 768 314 28482
732 770 289 28771
737 771 477 29248
748 787 555 29803
756 817 887 30690
776 823 255 30945
798 825 845 31790
803 826 849 32639
805 835 356 32995
840 838 886 33881
863 839 141 34022
870 851 705 34727
881 854 790 35517
891 867 166 35683
894 899 116 35799
898 914 408 36207
921 930 978 37185
931 953 604 37789
965 956 213 38002
985 963 742 38744
993 974 872 39616
