7 4 288 288
16 9 387 675
25 18 274 949
62 25 36 985
71 27 137 1122
75 32 32 1154
78 45 91 1245
87 47 49 1294
100 51 398 1692
115 53 23 1715
121 60 127 1842
126 83 227 2069
138 85 260 2329
150 96 153 2482
155 98 388 2870
172 120 439 3309
176 127 390 3699
184 142 189 3888
186 145 407 4295
191 149 175 4470
195 152 486 4956
222 158 430 5386
223 162 178 5564
224 168 298 5862
238 170 151 6013
241 176 129 6142
247 177 331 6473
249 190 93 6566
250 196 103 6669
257 203 451 7120
276 205 344 7464
279 213 162 7626
287 217 407 8033
290 232 342 8375
296 260 159 8534
321 264 99 8633
322 294 190 8823
323 314 230 9053
336 317 439 9492
345 324 326 9818
365 329 469 10287
368 330 62 10349
369 331 280 10629
385 333 428 11057
391 336 349 11406
395 344 58 11464
409 351 492 11956
415 372 464 12420
418 420 456 12876
440 425 354 13230
444 438 16 13246
463 442 272 13518
469 457 426 13944
482 472 319 14263
484 479 411 14674
490 489 203 14877
